<?xml version="1.0" encoding="UTF-8"?>
<!-- Generated by org.testng.reporters.JUnitXMLReporter -->
<testsuite ignored="0" hostname="Yasasi-pc" failures="1" tests="3" name="Error Validation Test" time="34.926" errors="0" timestamp="2025-10-14T23:23:53 AEST">
  <testcase classname="yasasiproject.tests.ErrorValidationsTest" name="LoginErrorValidation" time="1.233">
    <skipped/>
  </testcase> <!-- LoginErrorValidation -->
  <testcase classname="yasasiproject.tests.ErrorValidationsTest" name="LoginErrorValidation" time="0.692">
    <failure type="java.lang.AssertionError" message="expected [Incorrect email or password.] but found [Incorrect email  password.]">
      <![CDATA[java.lang.AssertionError: expected [Incorrect email or password.] but found [Incorrect email  password.]
at yasasiproject.tests.ErrorValidationsTest.LoginErrorValidation(ErrorValidationsTest.java:27)
at java.base/java.util.ArrayList.forEach(ArrayList.java:1596)
at java.base/java.util.concurrent.FutureTask.run(FutureTask.java:317)
at java.base/java.util.concurrent.ThreadPoolExecutor.runWorker(ThreadPoolExecutor.java:1144)
at java.base/java.util.concurrent.ThreadPoolExecutor$Worker.run(ThreadPoolExecutor.java:642)
at java.base/java.lang.Thread.run(Thread.java:1583)
... Removed 21 stack frames]]>
    </failure>
  </testcase> <!-- LoginErrorValidation -->
  <testcase classname="yasasiproject.tests.ErrorValidationsTest" name="ProductErrorValidation" time="3.006"/>
</testsuite> <!-- Error Validation Test -->
